2021-09-23 18:44:04,665 INFO  [ContextLoaderListener] ***********************************************************************************
2021-09-23 18:44:04,667 INFO  [ContextLoaderListener]    _____ _                   _              _          
2021-09-23 18:44:04,667 INFO  [ContextLoaderListener]   / ____| |                 | |            (_)         
2021-09-23 18:44:04,669 INFO  [ContextLoaderListener]  | (___ | |_ _ __ _   _  ___| |_ _   _ _ __ _ _____ __ 
2021-09-23 18:44:04,669 INFO  [ContextLoaderListener]   \___ \| __| '__| | | |/ __| __| | | | '__| |_  / '__|
2021-09-23 18:44:04,671 INFO  [ContextLoaderListener]   ____) | |_| |  | |_| | (__| |_| |_| | |  | |/ /| |   
2021-09-23 18:44:04,672 INFO  [ContextLoaderListener]  |_____/ \__|_|   \__,_|\___|\__|\__,_|_|  |_/___|_|   
2021-09-23 18:44:04,672 INFO  [ContextLoaderListener]                                                        
2021-09-23 18:44:04,673 INFO  [ContextLoaderListener]  Structurizr Lite
2021-09-23 18:44:04,675 INFO  [ContextLoaderListener]  Build: 2502
2021-09-23 18:44:04,678 INFO  [ContextLoaderListener]  Built: 2021-09-23T12:00:29Z
2021-09-23 18:44:04,711 INFO  [ContextLoaderListener]  Structurizr DSL: v1.14.0
2021-09-23 18:44:04,711 INFO  [ContextLoaderListener] 
2021-09-23 18:44:04,712 INFO  [ContextLoaderListener]  Memory: used=96MB; free=159MB; total=256MB; max=256MB
2021-09-23 18:44:04,712 INFO  [ContextLoaderListener] ***********************************************************************************
2021-09-23 18:57:46,895 WARN  [View] There is no layout information for the element named A on view ContentStorage-ContentManagementApplication-Component
2021-09-23 18:57:47,396 WARN  [View] There is no layout information for the element named A on view ContentStorage-ContentManagementApplication-Component
2021-09-23 21:31:55,467 WARN  [ViewSet] Could not find a matching view for "National Open Data Catalog - System Context" ... diagram layout information may be lost.
2021-09-23 21:34:29,151 WARN  [View] There is no layout information for the element named Consumer on view catalogSystemContextDiagram
2021-09-28 15:58:37,160 INFO  [ContextLoaderListener] ***********************************************************************************
2021-09-28 15:58:37,164 INFO  [ContextLoaderListener]    _____ _                   _              _          
2021-09-28 15:58:37,173 INFO  [ContextLoaderListener]   / ____| |                 | |            (_)         
2021-09-28 15:58:37,178 INFO  [ContextLoaderListener]  | (___ | |_ _ __ _   _  ___| |_ _   _ _ __ _ _____ __ 
2021-09-28 15:58:37,181 INFO  [ContextLoaderListener]   \___ \| __| '__| | | |/ __| __| | | | '__| |_  / '__|
2021-09-28 15:58:37,186 INFO  [ContextLoaderListener]   ____) | |_| |  | |_| | (__| |_| |_| | |  | |/ /| |   
2021-09-28 15:58:37,188 INFO  [ContextLoaderListener]  |_____/ \__|_|   \__,_|\___|\__|\__,_|_|  |_/___|_|   
2021-09-28 15:58:37,191 INFO  [ContextLoaderListener]                                                        
2021-09-28 15:58:37,197 INFO  [ContextLoaderListener]  Structurizr Lite
2021-09-28 15:58:37,210 INFO  [ContextLoaderListener]  Build: 2502
2021-09-28 15:58:37,216 INFO  [ContextLoaderListener]  Built: 2021-09-23T12:00:29Z
2021-09-28 15:58:37,283 INFO  [ContextLoaderListener]  Structurizr DSL: v1.14.0
2021-09-28 15:58:37,283 INFO  [ContextLoaderListener] 
2021-09-28 15:58:37,285 INFO  [ContextLoaderListener]  Memory: used=118MB; free=137MB; total=256MB; max=256MB
2021-09-28 15:58:37,287 INFO  [ContextLoaderListener] ***********************************************************************************
